Arguments: 
  /home/sandbox/.nvm/versions/node/v14.18.1/bin/node /home/sandbox/.nvm/versions/node/v14.18.1/bin/yarn --non-interactive

PATH: 
  /home/sandbox/.nvm/versions/node/v14.18.1/bin:/usr/local/sbin:/usr/local/bin:/usr/sbin:/usr/bin:/sbin:/bin

Yarn version: 
  1.22.17

Node version: 
  14.18.1

Platform: 
  linux x64

Trace: 
  TypeError [ERR_INVALID_ARG_TYPE]: The "path" argument must be of type string. Received [Object: null prototype]
      at new NodeError (internal/errors.js:322:7)
      at validateString (internal/validators.js:124:11)
      at Object.isAbsolute (path.js:1133:5)
      at module.exports.exports.default (/home/sandbox/.nvm/versions/node/v14.18.1/lib/node_modules/yarn/lib/cli.js:101158:16)
      at /home/sandbox/.nvm/versions/node/v14.18.1/lib/node_modules/yarn/lib/cli.js:51703:63
      at Generator.next (<anonymous>)
      at step (/home/sandbox/.nvm/versions/node/v14.18.1/lib/node_modules/yarn/lib/cli.js:310:30)
      at /home/sandbox/.nvm/versions/node/v14.18.1/lib/node_modules/yarn/lib/cli.js:321:13

npm manifest: 
  {
    "name": "lab02_cart",
    "version": "1.0.0",
    "description": "",
    "main": "app.js",
    "scripts": {
      "test": "echo \"Error: no test specified\" && exit 1",
      "dev": "nodemon app.js",
      "debug": "nodemon --inspect app.js"
    },
    "keywords": [],
    "author": "",
    "license": "ISC",
    "dependencies": {
      "express": {
        "version": "4.17.1"
      }
    }
  }

yarn manifest: 
  No manifest

Lockfile: 
  # THIS IS AN AUTOGENERATED FILE. DO NOT EDIT THIS FILE DIRECTLY.
  # yarn lockfile v1
